ERROR: 2024/09/06 06:30:59 users.go:83: [service.getuserbyusername]error in getting user by username  record not found
ERROR: 2024/09/06 06:31:36 users.go:83: [service.getuserbyusername]error in getting user by username  record not found
ERROR: 2024/09/06 06:32:10 users.go:83: [service.getuserbyusername]error in getting user by username  record not found
ERROR: 2024/09/06 17:46:59 users.go:83: [service.getuserbyusername]error in getting user by username  record not found
ERROR: 2024/09/06 17:47:27 users.go:83: [service.getuserbyusername]error in getting user by username  record not found
ERROR: 2024/09/06 17:48:22 users.go:83: [service.getuserbyusername]error in getting user by username  record not found
ERROR: 2024/09/06 17:48:29 users.go:83: [service.getuserbyusername]error in getting user by username  record not found
ERROR: 2024/09/06 17:49:27 users.go:83: [service.getuserbyusername]error in getting user by username  record not found
ERROR: 2024/09/07 14:12:43 orders.go:55: [repository.OrdersReport]error in  order report ERROR: syntax error at or near "COUNT" (SQLSTATE 42601)
ERROR: 2024/09/07 14:27:34 orders.go:55: [repository.OrdersReport]error in  order report ERROR: syntax error at or near "COUNT" (SQLSTATE 42601)
ERROR: 2024/09/07 15:13:04 orders.go:55: [repository.OrdersReport]error in  order report ERROR: syntax error at or near "WHEN" (SQLSTATE 42601)
ERROR: 2024/09/07 15:15:47 orders.go:55: [repository.OrdersReport]error in  order report ERROR: syntax error at or near "WHEN" (SQLSTATE 42601)
ERROR: 2024/09/07 15:18:14 orders.go:55: [repository.OrdersReport]error in  order report ERROR: syntax error at or near "WHEN" (SQLSTATE 42601)
ERROR: 2024/09/07 15:20:30 orders.go:55: [repository.OrdersReport]error in  order report ERROR: syntax error at or near "WHEN" (SQLSTATE 42601)
ERROR: 2024/09/07 15:21:42 orders.go:55: [repository.OrdersReport]error in  order report ERROR: syntax error at or near "WHEN" (SQLSTATE 42601)
ERROR: 2024/09/07 15:32:12 orders.go:55: [repository.OrdersReport]error in  order report ERROR: syntax error at or near "WHEN" (SQLSTATE 42601)
ERROR: 2024/09/07 15:33:17 orders.go:55: [repository.OrdersReport]error in  order report ERROR: syntax error at or near "WHEN" (SQLSTATE 42601)
ERROR: 2024/09/07 15:34:37 orders.go:55: [repository.OrdersReport]error in  order report ERROR: syntax error at or near "AND" (SQLSTATE 42601)
ERROR: 2024/09/07 15:42:12 orders.go:55: [repository.OrdersReport]error in  order report ERROR: syntax error at or near "AND" (SQLSTATE 42601)
ERROR: 2024/09/07 15:48:03 orders.go:55: [repository.OrdersReport]error in  order report ERROR: syntax error at or near "AND" (SQLSTATE 42601)
ERROR: 2024/09/07 15:59:37 orders.go:55: [repository.OrdersReport]error in  order report ERROR: invalid reference to FROM-clause entry for table "routes" (SQLSTATE 42P01)
